[debug] [2024-06-08T03:10:01.299Z] ----------------------------------------------------------------------
[debug] [2024-06-08T03:10:01.300Z] Command:       C:\Program Files\nodejs\node.exe C:\Users\Mafer\AppData\Roaming\npm\node_modules\firebase-tools\lib\bin\firebase.js deploy
[debug] [2024-06-08T03:10:01.300Z] CLI Version:   13.7.1
[debug] [2024-06-08T03:10:01.301Z] Platform:      win32
[debug] [2024-06-08T03:10:01.301Z] Node Version:  v18.12.1
[debug] [2024-06-08T03:10:01.302Z] Time:          Fri Jun 07 2024 23:10:01 GMT-0400 (hora de Venezuela)
[debug] [2024-06-08T03:10:01.302Z] ----------------------------------------------------------------------
[debug] 
[debug] [2024-06-08T03:10:01.305Z] >>> [apiv2][query] GET https://firebase-public.firebaseio.com/cli.json [none]
[debug] [2024-06-08T03:10:01.383Z] > command requires scopes: ["email","openid","https://www.googleapis.com/auth/cloudplatformprojects.readonly","https://www.googleapis.com/auth/firebase","https://www.googleapis.com/auth/cloud-platform"]
[debug] [2024-06-08T03:10:01.384Z] > authorizing via signed-in user (mariafgg53@gmail.com)
[debug] [2024-06-08T03:10:01.384Z] [iam] checking project ucab-forms-v3-ef7db for permissions ["firebase.projects.get","firebasehosting.sites.update"]
[debug] [2024-06-08T03:10:01.385Z] > refreshing access token with scopes: []
[debug] [2024-06-08T03:10:01.385Z] >>> [apiv2][query] POST https://www.googleapis.com/oauth2/v3/token [none]
[debug] [2024-06-08T03:10:01.385Z] >>> [apiv2][body] POST https://www.googleapis.com/oauth2/v3/token [omitted]
[debug] [2024-06-08T03:10:01.797Z] <<< [apiv2][status] POST https://www.googleapis.com/oauth2/v3/token 200
[debug] [2024-06-08T03:10:01.797Z] <<< [apiv2][body] POST https://www.googleapis.com/oauth2/v3/token [omitted]
[debug] [2024-06-08T03:10:01.804Z] >>> [apiv2][query] POST https://cloudresourcemanager.googleapis.com/v1/projects/ucab-forms-v3-ef7db:testIamPermissions [none]
[debug] [2024-06-08T03:10:01.804Z] >>> [apiv2][(partial)header] POST https://cloudresourcemanager.googleapis.com/v1/projects/ucab-forms-v3-ef7db:testIamPermissions x-goog-quota-user=projects/ucab-forms-v3-ef7db
[debug] [2024-06-08T03:10:01.805Z] >>> [apiv2][body] POST https://cloudresourcemanager.googleapis.com/v1/projects/ucab-forms-v3-ef7db:testIamPermissions {"permissions":["firebase.projects.get","firebasehosting.sites.update"]}
[debug] [2024-06-08T03:10:01.886Z] <<< [apiv2][status] GET https://firebase-public.firebaseio.com/cli.json 200
[debug] [2024-06-08T03:10:01.886Z] <<< [apiv2][body] GET https://firebase-public.firebaseio.com/cli.json {"cloudBuildErrorAfter":1594252800000,"cloudBuildWarnAfter":1590019200000,"defaultNode10After":1594252800000,"minVersion":"3.0.5","node8DeploysDisabledAfter":1613390400000,"node8RuntimeDisabledAfter":1615809600000,"node8WarnAfter":1600128000000}
[debug] [2024-06-08T03:10:02.384Z] <<< [apiv2][status] POST https://cloudresourcemanager.googleapis.com/v1/projects/ucab-forms-v3-ef7db:testIamPermissions 200
[debug] [2024-06-08T03:10:02.384Z] <<< [apiv2][body] POST https://cloudresourcemanager.googleapis.com/v1/projects/ucab-forms-v3-ef7db:testIamPermissions {"permissions":["firebase.projects.get","firebasehosting.sites.update"]}
[debug] [2024-06-08T03:10:02.387Z] >>> [apiv2][query] GET https://firebase.googleapis.com/v1beta1/projects/ucab-forms-v3-ef7db [none]
[debug] [2024-06-08T03:10:03.037Z] <<< [apiv2][status] GET https://firebase.googleapis.com/v1beta1/projects/ucab-forms-v3-ef7db 200
[debug] [2024-06-08T03:10:03.037Z] <<< [apiv2][body] GET https://firebase.googleapis.com/v1beta1/projects/ucab-forms-v3-ef7db {"projectId":"ucab-forms-v3-ef7db","projectNumber":"492061780847","displayName":"Ucab Forms v3","name":"projects/ucab-forms-v3-ef7db","resources":{"hostingSite":"ucab-forms-v3-ef7db","realtimeDatabaseInstance":"ucab-forms-v3-ef7db-default-rtdb","storageBucket":"ucab-forms-v3-ef7db.appspot.com","locationId":"us-central"},"state":"ACTIVE","etag":"1_3247c69c-f943-40c3-b2de-f7c9b9667e2f"}
[info] 
[info] === Deploying to 'ucab-forms-v3-ef7db'...
[info] 
[info] i  deploying hosting 
[debug] [2024-06-08T03:10:03.046Z] >>> [apiv2][query] POST https://firebasehosting.googleapis.com/v1beta1/projects/-/sites/ucab-forms-v3-ef7db/versions [none]
[debug] [2024-06-08T03:10:03.046Z] >>> [apiv2][body] POST https://firebasehosting.googleapis.com/v1beta1/projects/-/sites/ucab-forms-v3-ef7db/versions {"status":"CREATED","labels":{"deployment-tool":"cli-firebase"}}
[debug] [2024-06-08T03:10:04.307Z] <<< [apiv2][status] POST https://firebasehosting.googleapis.com/v1beta1/projects/-/sites/ucab-forms-v3-ef7db/versions 200
[debug] [2024-06-08T03:10:04.308Z] <<< [apiv2][body] POST https://firebasehosting.googleapis.com/v1beta1/projects/-/sites/ucab-forms-v3-ef7db/versions {"name":"projects/492061780847/sites/ucab-forms-v3-ef7db/versions/eb281266ba76a599","status":"CREATED","config":{},"labels":{"deployment-tool":"cli-firebase"}}
[info] i  hosting[ucab-forms-v3-ef7db]: beginning deploy... 
[info] i  hosting[ucab-forms-v3-ef7db]: found 104 files in build 
[debug] [2024-06-08T03:10:04.331Z] [hosting] uploading with 200 concurrency
[debug] [2024-06-08T03:10:04.609Z] [hosting] hash cache [YnVpbGQ] stored for 104 files
[debug] [2024-06-08T03:10:04.609Z] [hosting][hash queue][FINAL] {"max":269,"min":6,"avg":22.894230769230777,"active":0,"complete":104,"success":104,"errored":0,"retried":0,"total":104,"elapsed":275}
[debug] [2024-06-08T03:10:04.609Z] >>> [apiv2][query] POST https://firebasehosting.googleapis.com/v1beta1/projects/492061780847/sites/ucab-forms-v3-ef7db/versions/eb281266ba76a599:populateFiles [none]
[debug] [2024-06-08T03:10:04.609Z] >>> [apiv2][body] POST https://firebasehosting.googleapis.com/v1beta1/projects/492061780847/sites/ucab-forms-v3-ef7db/versions/eb281266ba76a599:populateFiles {"files":{"/favicon.ico":"2dd3b85393a5379d98d9edf0fcf2b2951785181809cb6fd1961376537a4c5c95","/firebase-messaging-sw.js":"e0d58a25981e457e196ea6c931edacf14f59f84d0768c98ff9f7b9a1b1508292","/logo192.png":"7b9fef21113e99be83a3f3123f1c44c9e7bf75833260cbd461726bf42e3b7d01","/logo512.png":"c2b61809fe19e7d1992f2a289498961eeda8e781dbc09a8e775cf9aa41f36a54","/manifest.json":"b55e9011cce119e3e8fdfb1d9611c6ad4ed1dca1b51688b9f2e71accad690a0c","/robots.txt":"b2090cf9761ef60aa06e4fab97679bd43dfa5e5df073701ead5879d7c68f1ec5","/service-worker.js.LICENSE.txt":"5d7e5b57938d46394ba5efca4f472d79b7221bc643cee649c4c4671e02100914","/index.html":"9f5f23597253119a79cdf5daffe8beaabdc1de0bc4797ca8f761d9cd013925fd","/asset-manifest.json":"7443cde55c2ff4e047756f132562e49cd53b8ef3b3eb3783226f5cc870bce3ae","/static/js/313.59ffaf51.chunk.js.LICENSE.txt":"187bbcbcf24fe6eeef610f95e771f8b26e4b1801d2e669c6a0079ac03435ba59","/static/css/main.54042287.css":"6d8fe373218be9722862524ef22a480a8c3a25bb4bab1649456dc620b2893d54","/static/js/905.0ccc447d.chunk.js.LICENSE.txt":"2396ecbf0fd5cabdafa2bda8c7f34f244ecac9a8d61ff28597b2bf99a0ac20df","/static/js/922.d6675f82.chunk.js":"0b682883bfa21547780c160326436943c26648c76559b9bec2c9959ff030ac34","/static/js/313.59ffaf51.chunk.js":"6c9626720f3ddd828d31ec1ca0d91dac2c47317da49d26d66b5403fc721c535b","/service-worker.js":"36da4e97556ca1f5b5fa8cc8dbe5be33946b8e85a7bd60b94fd93631dc3abcfa","/static/js/main.79ad0775.js.LICENSE.txt":"7fc9f5f88e1f521772b8969f84bbdb192535738b3e22835e4cbd8fbe6616bbb9","/static/media/logo-ucab.2180d347a28a747241a26281f2ed5959.svg":"b3d25ddfdf0f04a8832b41864341f303bd677b39fc1effc146ea6b443856214b","/static/media/montserrat-cyrillic-400-normal.e5c5c19c23e370a342c8.woff2":"a1b02c8a3494511caeff18610482ef16212bb6f7f1278f9195a508d55551e6b7","/static/media/montserrat-cyrillic-500-normal.b62b244b7a2132b30f78.woff2":"00afa42fa9fb397e553e4c1403b9eb1f069d508ee4f0c3f41dbb6438a7bd00df","/static/media/montserrat-cyrillic-300-normal.8a381d078cd679f5a017.woff2":"55a0fab80157af90cb1c924050290a12c1b9ffac00b5f574a8c958dede6971ad","/static/media/montserrat-cyrillic-700-normal.2a599b68747a45fad239.woff2":"0a73bc0111155a43c4d14e2a9a7cfd67e5fcb38d965c453829462c0fb4f56d15","/static/media/montserrat-cyrillic-ext-400-normal.bbf9e820a2563aac0d8b.woff2":"0a573b6df77c5d19f96d1742aa0517501f53fd8bc76fde6eebf7ebf958279644","/static/media/montserrat-cyrillic-ext-300-normal.6091a5d41e290c8af528.woff2":"72d5864951f961209395d04a022d574c437d96dbcbd28b96b00f72d52a485572","/static/media/lato-latin-ext-300-normal.0a34f21caa5fcc72748d.woff2":"0fe731c29b6e2bd712143a3e636df1f0bba9a5417806d1773f4267f7a3cd55a8","/static/media/montserrat-cyrillic-ext-500-normal.55f256ccdce4bc180e81.woff2":"ed324db02c73b9d2228def343e25fdd1516375f85e4b380e777e90b956ff8bf4","/static/media/lato-latin-ext-400-normal.361f3dbb9db6a5980326.woff2":"c924f82a08fc405f8d05817cefea9c67c2a71a9a2a6a7c5051b5f9a6a0f6d6b0","/static/media/montserrat-cyrillic-ext-700-normal.a113ef18975312602ee1.woff2":"f463076d9244e319a688a4d7f7a8f24cfcee608702024b87a7cda9334d580041","/static/media/montserrat-latin-300-normal.0cc3e06704117dcfc367.woff2":"032c9a6de7887299c93b9a9c3a41b178a01efa94213a433cb06d9886b3196e47","/static/media/montserrat-latin-700-normal.56c09b9a46af6a54eeb3.woff2":"fd6f577811476c1dfd7b1dbde72559057992bbc6b62e177d6b433a57cf489b20","/static/media/montserrat-latin-ext-400-normal.0204ec08a4b574088f02.woff2":"42b8b15b36f8e38bd505442b59d34b4d38f4343f7dae29f0473d213e400d0063","/static/media/montserrat-latin-400-normal.acb6629fe45c43ad5d8b.woff2":"9936ad15e4effac7653de2aa961f683f422c699706361895a0a6713eebfb29ea","/static/media/lato-latin-ext-700-normal.9c8812eaec45956201e1.woff2":"2b674ae7ebf9c9fbf566734f52d351c0fcf3d638de8ade7a166c65b79f698f71","/static/media/montserrat-latin-ext-300-normal.7f5dee6c782fd4ff0e9c.woff2":"c049f1de8e6183b23054161129a042fa50cbbf6d0ed6debacab31398538875f5","/static/media/montserrat-vietnamese-300-normal.260b5062c37e2f23cb52.woff2":"d16a8a367e88a81ae8e1de643add9ae882f9378e74c43544db27a60b1a395110","/static/media/montserrat-latin-ext-700-normal.ed2b8a3421aea40bea12.woff2":"395dc3ec39432336b0c5a0caf40138201d6507cc195fe7391267a332b542f58b","/static/media/montserrat-latin-500-normal.38a674fae449557fef97.woff2":"f94920640a1a97bcbda96cd2236e93dc327e29a730001663e068db363e5b1240","/static/media/montserrat-vietnamese-400-normal.8f3f4c99eb0eeb5990f1.woff2":"52c87936d56df32d5d3c2c46493f674e3ba25db62f66b5c62a46e32509675539","/static/media/montserrat-vietnamese-500-normal.0f3d20baf3dff383f36b.woff2":"82aaee4ef0cb5eb6766d575015afefc36053e22ab73bbc40c9eeb9d68ff38f49","/static/media/montserrat-vietnamese-700-normal.810d24ff481f2abee5c1.woff2":"e8242f2637067d9ce168d08378c4f6e5ad4844f9046728e6cdc126d0a7976a97","/static/media/montserrat-latin-ext-500-normal.55783c8fab145f4cf828.woff2":"15a463a519c220d2f92f1773158798efa18a57cd90bf8ecf5a64b58a893731c2","/static/media/lato-latin-300-normal.dc76fa21c09d3cec2243.woff2":"19e0e3d506090a4f428e03d3a8e03609ed090258770bdb7285badefce449ed31","/static/media/lato-latin-400-normal.be36596da218e1eec01c.woff2":"2ff73f27b8019051f7034d7c314a06ba325e8f0d28cfd843ed39d3ae3f7e1a75","/static/media/lato-latin-700-normal.8f28e0e1fdb195149f1c.woff2":"61535c5a44926ef012fb04c75ae44d127c29ad80357f6c9f0b8ed80b72354ba2","/static/media/lato-all-300-normal.6e49c6c8ed3ce34f718b.woff":"c9024064086144ee69892c9c898cd1acc2bcc778d43c0e086f0027f0a473e89c","/static/media/lato-all-400-normal.3dc1eff492ab1f598560.woff":"12afda054ae172758d338bca74ae540f36ecf999f8b6a0aa1fa572dd250ec22b","/static/media/lato-all-700-normal.1e7707c9ec98d9b97e7f.woff":"776ef610159e3884a7b914cbb76f79429e1d1afd24fbd7195d6b825730adf9c3","/static/media/montserrat-all-400-normal.327fab0afc997a2d9b16.woff":"d676910e0f5ac14ef32db6ca41477c4a40c314c571a76157038f1a8898ce69da","/static/media/montserrat-all-300-normal.cb25782d576cc4b35601.woff":"4ba3ab4a90e98e3ac9b137f7e06242f7aa81c3fbeaa07e3ffd750a2675b974f0","/static/media/montserrat-all-500-normal.124bdbbc44b5aae423df.woff":"70cf4908a0480c0b79aad3b0004cb8313877bbc4056fcbdc52743cb1252c077f","/static/media/montserrat-all-700-normal.168d5b114e5a6d216802.woff":"73fcbeac89c82b6c119f8d030ae39a44c8a32dc2b00fea211525cf79318d57e4","/static/media/poppins-latin-300-normal.82a53579cedb4011592d.woff2":"a31cab32bdb5062996e6c384565577d3f085e8d707bf867db0045ba49d65c6e6","/static/media/poppins-latin-400-normal.5b8f3ba886526963a788.woff2":"413f81d977aa1da363e0d8b17224095a8d8114a15a8c55703decb5e3c6e671e8","/static/media/poppins-latin-500-normal.dc16a3592fdb61b620cc.woff2":"8e9e87920a9b0fa749f964b4c17e4f74c30d9590ef307b35f3d1635ca8bed3ba","/static/media/poppins-latin-700-normal.9690ce6275ddc5645cfa.woff2":"f976ba24016d12ff15e6c6085155b1a79aa5c7fe5bf219b59a0ca78832a6534b","/static/media/poppins-latin-ext-300-normal.1fc00e2ec9f1fcd9dbf9.woff2":"ed17558ec7a0e2ad2d8c030b296511213b9042f66c896b8d431d4f8e7134c3b5","/static/media/poppins-latin-ext-400-normal.53f1614b455b17c5650d.woff2":"cb6f1463e119ae10363228992d93ca8b64a99e1f3ae016c2e30233aee1e532cd","/static/media/poppins-latin-ext-700-normal.ecb421af890e30ac490b.woff2":"b663a4d8f9015c79a03280b079cf37a98c2552b159f0ce53189b36459413e540","/static/media/poppins-latin-ext-500-normal.64676cfe1b3697ce0aec.woff2":"f7fdcfc59b800b2d8a7ca8980c514df3b734b159940e63cce0ad6f74113ed64e","/static/media/roboto-cyrillic-300-normal.1431d1cef06ad04f5458.woff2":"7a18c7738e3ee51c35457fab46849c9dd23ede38deeda4c8a1f0486b445026fe","/static/media/roboto-cyrillic-400-normal.71a33b6b50457b2c903a.woff2":"7b0fa1eec6852044a856e1c7ae33aa6e3db2916a05080be368fbe2fc2aaeb34e","/static/media/roboto-cyrillic-500-normal.cad7d3d9cb265e334e58.woff2":"ef87b441158ea715ef732cb7ef9e181ef3cc576dad81250e7eda0111c32e1c3d","/static/media/roboto-cyrillic-700-normal.d010f1f324e111a22e53.woff2":"65c6fa99ec79366b59543a4127be443c670c9042e5937082e6dbda34c0fcad19","/static/media/roboto-cyrillic-ext-300-normal.4777461b144e55145268.woff2":"31baa9e9c45f2de6aae0e8b3a750afb432fad261c982d0f27c103c4ca30ffe38","/static/media/roboto-cyrillic-ext-400-normal.804378952da8a10faae2.woff2":"d370340df84be45fad28859559e5bd3531cbf6c3873ca6bba200aabda9f44cb6","/static/media/roboto-cyrillic-ext-500-normal.62ced72e5832f02c2796.woff2":"990c22e932984780d4c2a52fac7ff537f0b4fb4e4ff3a6931b986ad65e94963d","/static/media/roboto-cyrillic-ext-700-normal.be4d02458ce53887dc37.woff2":"22fcde50e80e27fcb70358106ae20e70d55a6976436a29f7e81d91f8dddead91","/static/media/roboto-greek-300-normal.db2632771401f61463fe.woff2":"3998a7853436ec165d6d021632bbf756d7f109d3e5dd14a56cc57ccadb39f455","/static/media/roboto-greek-500-normal.9ac81fefbe6c319ea40b.woff2":"a6822425ab5737bbaa54ab2e57305b223d6eaec89e7fa09d5549cb5c127f1485","/static/media/roboto-greek-400-normal.c35e4c3958e209d17b31.woff2":"a9fa660ff3ebb4698597476d9ca5a6a24340b3e4e0cf9e6704510912d25d2647","/static/media/roboto-greek-700-normal.50e795c1345353b0e996.woff2":"5309d7e9b9fc472459aa9fd4e7a489791efa847ea0e0b8a28c7fedf708226468","/static/media/roboto-greek-ext-300-normal.35b9d6be04b95f0f0530.woff2":"795dddfc80123d4b2d4b1e9b11ad7a07076bcffdede8d539a6784335423f0478","/static/media/roboto-greek-ext-400-normal.169619821ea93019d1bb.woff2":"ba8d976054fcda8593f3d66c47505c9304e5a2f34471937fc99dbc792b4c41e7","/static/media/roboto-greek-ext-500-normal.6fb9cffb1d3e72bf9293.woff2":"c15cfee67d025043a6f6d0350eac166074d471f84a20b05c2cfa24c38a850b0e","/static/media/roboto-greek-ext-700-normal.bd9854c751441ccc1a70.woff2":"8e5c05f0bebeb2b1f9ac9a4f0a727349991474e29c3214587a402b07b8ba6817","/static/media/roboto-latin-300-normal.c48fb6765a9fcb00b330.woff2":"1257a1f7d6d4cf0017f914b20a89377caf5c0ff9d31a005eadcc18181db9be3d","/static/media/poppins-devanagari-300-normal.73883cab9098ac6df883.woff2":"4369bd12d579651142485e2af6f8601197fa943cf53d836c0b60e3c06f9ea942","/static/media/poppins-devanagari-400-normal.4dcae97b127630752bc9.woff2":"7e1e9e6e3172abbc829b3bc641ffa2db49ecdad30d19f239b8b2f4c914a0e13e","/static/media/poppins-devanagari-700-normal.370161f77f81c4e21d0f.woff2":"72cc9db01ca6d7870c7579a6e8a25dc38285ac2c0ca9d8c5cfb0a41a4df5f7b5","/static/media/roboto-latin-400-normal.b009a76ad6afe4ebd301.woff2":"c5c35e4f7eb9ad6aa543faad4550e57362bfd7ad88f9df6f3f7f4fb1ea808cd3","/static/media/poppins-devanagari-500-normal.cdc211e470e4098da4ed.woff2":"c5ab716d5817eccd4a6a0991e5e47961a4a2c94e8500ddde0db763a06888d43e","/static/media/roboto-latin-500-normal.f25d774ecfe0996f8eb5.woff2":"a779f5f1144e9c9efeda4a4141d7a4050e386ab4259aeadea4dff48f67c23362","/static/js/867.1c62f998.chunk.js":"21459bacfd5edd098ea63b02e625374004831970028c87aa30a1be6a330a0d48","/static/media/roboto-latin-700-normal.227c93190fe7f82de3f8.woff2":"f2cc892b949b456ba07184673306af281b0fe37998ceb8c7adfa074a8905c9c4","/static/media/roboto-latin-ext-300-normal.dc7dcec8e3f654e0ed63.woff2":"548ef6ca84f2e65e5cd04157702596604430cbdd3d5257d51e88d106e5480656","/static/media/roboto-latin-ext-400-normal.861b791f9de857a6e7bc.woff2":"6fe807b7e1c944c0c220cccf918c7ef7d79437e1266ca8986026cdbcbd04fabe","/static/media/roboto-latin-ext-500-normal.9165081d10e1ba601384.woff2":"16aa9f4b2ad3221f370aec4a42745d0575922ed73f5137e6b3720e3fb7abdfd2","/static/media/roboto-latin-ext-700-normal.ed67ad54b1a8f5d21150.woff2":"af012fee08087d597c634fe45ae3090a18c6fb72bff64656fe2b51243e008d58","/static/js/905.0ccc447d.chunk.js":"0e75074007c6ff48bb363a2990c5230579799ea41d9fce5ad0a182b7ff98d6be","/static/media/roboto-all-300-normal.168d6383e73339293ac3.woff":"cad261f11c78ce1fafa57fc9d935f030e1bc3209fa6e7dc488db5f7e5e12e314","/static/media/roboto-all-400-normal.c5d001fa922fa66a147f.woff":"a6b077da001d36889c5a88d7349d2014a7bbad639249359fd76d29de49b18cc8","/static/media/roboto-vietnamese-300-normal.32fc45a3d1e8ea11fabc.woff2":"b89075183f5b199e65e18d02a0d686671009d76aea2d9c14e97785a145f987b3","/static/media/roboto-vietnamese-400-normal.3230f9b040f3c630e0c3.woff2":"054d6875432132790a834b4e81b5180ab51d42f60360d36398b8657fa466726c","/static/media/poppins-all-700-normal.0a53cdc68b4438be7b7d.woff":"394626252a83bd0d0f6b04deecc56e6de25336c022d3c1d91244531d55bf5615","/static/media/roboto-vietnamese-500-normal.d8642a3d1d4ef6179644.woff2":"8a243fed3a3523b36b5f225bf9da52785422d645dcd4f5c812fd26b105d3a0ee","/static/media/roboto-vietnamese-700-normal.3425a701027d0699e369.woff2":"a1a95a8406c3d1b18a0cd24ff3fd7369f79bea51ace99d462d5daccc9465af00","/static/media/poppins-all-300-normal.1b572dd29946927b80b5.woff":"cf65c33c529ac307c261f6a1ec5aca86d99798a9fa495a6a056b8d76af060016","/static/media/roboto-all-500-normal.0ab669b7a0d19b178f57.woff":"7bda2221f5ec69b4bb96ae92ec7fc5456cc4c92a2804cd94720add5f7b42d84f","/static/media/roboto-all-700-normal.a457fde362a540fcadff.woff":"cff0c9f57b3c8a7fd9d91c1faf05f1ae53ccc15098828d670148103c942ce889","/static/media/poppins-all-500-normal.468213c1a9cf4ac0ed6b.woff":"cee87c2022edad7d1a531794b4b452ecf80e5820b412bcc8316b09548bbf7054","/static/media/poppins-all-400-normal.d9177076ce88015af78a.woff":"9a8a72d9ccb5bfae3c491de8611f2a5ce3eec38ec108369ec578487a94b30f51","/static/media/logo-ucab-forms-white.c22bc1f937a7cde88bb1b7984733754d.svg":"ddc74f55335a88e65a293dbda5a11b708b959394e3cebb3ddb52d151aa14d0c6","/static/media/logo-ucab-forms-black.6fdc9f3b2b9cd2b8b267481a206b5a4f.svg":"692ac6718a92f4e7f56f8a6fe20ded411136f6293d9f2bc812393e6b34c065c2","/static/media/background.0df71016b7871fde2461.jpg":"242da72e8fccf61c0fdfea203cd367d8b9919d5e131794c0c722737b64ed6e94","/static/js/main.79ad0775.js":"c900c0b8572038f4cfaa4e05850d43c54e9cf45ef3ded1787c4660dc1520bf59"}}
[debug] [2024-06-08T03:10:05.492Z] <<< [apiv2][status] POST https://firebasehosting.googleapis.com/v1beta1/projects/492061780847/sites/ucab-forms-v3-ef7db/versions/eb281266ba76a599:populateFiles 200
[debug] [2024-06-08T03:10:05.492Z] <<< [apiv2][body] POST https://firebasehosting.googleapis.com/v1beta1/projects/492061780847/sites/ucab-forms-v3-ef7db/versions/eb281266ba76a599:populateFiles {"uploadUrl":"https://upload-firebasehosting.googleapis.com/upload/sites/ucab-forms-v3-ef7db/versions/eb281266ba76a599/files"}
[debug] [2024-06-08T03:10:05.493Z] [hosting][populate queue][FINAL] {"max":886,"min":886,"avg":886,"active":0,"complete":1,"success":1,"errored":0,"retried":0,"total":1,"elapsed":886}
[debug] [2024-06-08T03:10:05.494Z] [hosting] uploads queued: 0
[debug] [2024-06-08T03:10:05.494Z] [hosting][upload queue][FINAL] {"max":0,"min":9999999999,"avg":0,"active":0,"complete":0,"success":0,"errored":0,"retried":0,"total":0,"elapsed":1717816205494}
[info] +  hosting[ucab-forms-v3-ef7db]: file upload complete 
[debug] [2024-06-08T03:10:05.496Z] [hosting] deploy completed after 1187ms
[debug] [2024-06-08T03:10:05.496Z] [
  {
    "config": {
      "public": "build",
      "ignore": [
        "firebase.json",
        "**/.*",
        "**/node_modules/**"
      ],
      "rewrites": [
        {
          "source": "**",
          "destination": "/index.html"
        }
      ],
      "site": "ucab-forms-v3-ef7db"
    },
    "version": "projects/492061780847/sites/ucab-forms-v3-ef7db/versions/eb281266ba76a599"
  }
]
[info] i  hosting[ucab-forms-v3-ef7db]: finalizing version... 
[debug] [2024-06-08T03:10:05.501Z] >>> [apiv2][query] PATCH https://firebasehosting.googleapis.com/v1beta1/projects/-/sites/ucab-forms-v3-ef7db/versions/eb281266ba76a599 updateMask=status%2Cconfig
[debug] [2024-06-08T03:10:05.501Z] >>> [apiv2][body] PATCH https://firebasehosting.googleapis.com/v1beta1/projects/-/sites/ucab-forms-v3-ef7db/versions/eb281266ba76a599 {"status":"FINALIZED","config":{"rewrites":[{"glob":"**","path":"/index.html"}]}}
[debug] [2024-06-08T03:10:06.199Z] <<< [apiv2][status] PATCH https://firebasehosting.googleapis.com/v1beta1/projects/-/sites/ucab-forms-v3-ef7db/versions/eb281266ba76a599 200
[debug] [2024-06-08T03:10:06.200Z] <<< [apiv2][body] PATCH https://firebasehosting.googleapis.com/v1beta1/projects/-/sites/ucab-forms-v3-ef7db/versions/eb281266ba76a599 {"name":"projects/492061780847/sites/ucab-forms-v3-ef7db/versions/eb281266ba76a599","status":"FINALIZED","config":{"rewrites":[{"glob":"**","path":"/index.html"}]},"labels":{"deployment-tool":"cli-firebase"},"createTime":"2024-06-08T03:09:56.833920Z","createUser":{"email":"mariafgg53@gmail.com"},"finalizeTime":"2024-06-08T03:09:59.171178Z","finalizeUser":{"email":"mariafgg53@gmail.com"}}
[debug] [2024-06-08T03:10:06.200Z] [hosting] finalized version for ucab-forms-v3-ef7db:[object Object]
[info] +  hosting[ucab-forms-v3-ef7db]: version finalized 
[info] i  hosting[ucab-forms-v3-ef7db]: releasing new version... 
[debug] [2024-06-08T03:10:06.203Z] >>> [apiv2][query] POST https://firebasehosting.googleapis.com/v1beta1/projects/-/sites/ucab-forms-v3-ef7db/channels/live/releases versionName=projects%2F492061780847%2Fsites%2Fucab-forms-v3-ef7db%2Fversions%2Feb281266ba76a599
[debug] [2024-06-08T03:10:06.203Z] >>> [apiv2][body] POST https://firebasehosting.googleapis.com/v1beta1/projects/-/sites/ucab-forms-v3-ef7db/channels/live/releases {}
